<?xml version="1.0" encoding="UTF-8"?>
<!-- Generated by org.testng.reporters.JUnitReportReporter -->
<testsuite hostname="DESKTOP-J1MRT3Q" failures="0" tests="10" name="com.sgtesting.basictestng.BasicScenario5DemoTestNG" time="64.622" errors="0" timestamp="2022-06-10T19:57:38 IST" skipped="0">
  <testcase classname="com.sgtesting.basictestng.BasicScenario5DemoTestNG" name="navigate" time="4.965"/>
  <system-out/>
  <testcase classname="com.sgtesting.basictestng.BasicScenario5DemoTestNG" name="Createproject" time="9.299"/>
  <system-out/>
  <testcase classname="com.sgtesting.basictestng.BasicScenario5DemoTestNG" name="DeleteProject" time="7.123"/>
  <system-out/>
  <testcase classname="com.sgtesting.basictestng.BasicScenario5DemoTestNG" name="closeapplication" time="1.030"/>
  <system-out/>
  <testcase classname="com.sgtesting.basictestng.BasicScenario5DemoTestNG" name="deletecustomer" time="8.377"/>
  <system-out/>
  <testcase classname="com.sgtesting.basictestng.BasicScenario5DemoTestNG" name="createcustomer" time="12.612"/>
  <system-out/>
  <testcase classname="com.sgtesting.basictestng.BasicScenario5DemoTestNG" name="login" time="5.891"/>
  <system-out/>
  <testcase classname="com.sgtesting.basictestng.BasicScenario5DemoTestNG" name="logout" time="4.230"/>
  <system-out/>
  <testcase classname="com.sgtesting.basictestng.BasicScenario5DemoTestNG" name="launchbroswer" time="7.854"/>
  <system-out/>
  <testcase classname="com.sgtesting.basictestng.BasicScenario5DemoTestNG" name="minimizeFlyOutWindow" time="3.241"/>
  <system-out/>
</testsuite> <!-- com.sgtesting.basictestng.BasicScenario5DemoTestNG -->
