<?xml version="1.0" encoding="UTF-8"?>
<!-- Generated by org.testng.reporters.JUnitReportReporter -->
<testsuite hostname="DESKTOP-J1MRT3Q" failures="0" tests="37" name="com.sgtesting.advancetestng.AdvanceScenario2DemoTestNG" time="207.385" errors="0" timestamp="2022-06-10T19:36:11 IST" skipped="0">
  <testcase classname="com.sgtesting.advancetestng.AdvanceScenario2DemoTestNG" name="launchbrowser" time="3.945"/>
  <system-out/>
  <testcase classname="com.sgtesting.advancetestng.AdvanceScenario2DemoTestNG" name="navigate" time="7.165"/>
  <system-out/>
  <testcase classname="com.sgtesting.advancetestng.AdvanceScenario2DemoTestNG" name="Login" time="6.214"/>
  <system-out/>
  <testcase classname="com.sgtesting.advancetestng.AdvanceScenario2DemoTestNG" name="minimizeFlyOutWindow" time="3.576"/>
  <system-out/>
  <testcase classname="com.sgtesting.advancetestng.AdvanceScenario2DemoTestNG" name="createuser1" time="19.432"/>
  <system-out/>
  <testcase classname="com.sgtesting.advancetestng.AdvanceScenario2DemoTestNG" name="logout1" time="4.217"/>
  <system-out/>
  <testcase classname="com.sgtesting.advancetestng.AdvanceScenario2DemoTestNG" name="Loginuser1" time="25.124"/>
  <system-out/>
  <testcase classname="com.sgtesting.advancetestng.AdvanceScenario2DemoTestNG" name="createuser2" time="16.261"/>
  <system-out/>
  <testcase classname="com.sgtesting.advancetestng.AdvanceScenario2DemoTestNG" name="logout2" time="4.035"/>
  <system-out/>
  <testcase classname="com.sgtesting.advancetestng.AdvanceScenario2DemoTestNG" name="Loginuser2" time="4.161"/>
  <system-out/>
  <testcase classname="com.sgtesting.advancetestng.AdvanceScenario2DemoTestNG" name="createuser3" time="0.067"/>
  <system-out/>
  <testcase classname="com.sgtesting.advancetestng.AdvanceScenario2DemoTestNG" name="logout3" time="0.046"/>
  <system-out/>
  <testcase classname="com.sgtesting.advancetestng.AdvanceScenario2DemoTestNG" name="Loginuser3" time="3.947"/>
  <system-out/>
  <testcase classname="com.sgtesting.advancetestng.AdvanceScenario2DemoTestNG" name="logout4" time="0.052"/>
  <system-out/>
  <testcase classname="com.sgtesting.advancetestng.AdvanceScenario2DemoTestNG" name="Loginuser22" time="5.988"/>
  <system-out/>
  <testcase classname="com.sgtesting.advancetestng.AdvanceScenario2DemoTestNG" name="modifyuser3" time="0.086"/>
  <system-out/>
  <testcase classname="com.sgtesting.advancetestng.AdvanceScenario2DemoTestNG" name="logout5" time="0.032"/>
  <system-out/>
  <testcase classname="com.sgtesting.advancetestng.AdvanceScenario2DemoTestNG" name="Loginuser33" time="5.644"/>
  <system-out/>
  <testcase classname="com.sgtesting.advancetestng.AdvanceScenario2DemoTestNG" name="logout6" time="0.081"/>
  <system-out/>
  <testcase classname="com.sgtesting.advancetestng.AdvanceScenario2DemoTestNG" name="Loginuser11" time="5.665"/>
  <system-out/>
  <testcase classname="com.sgtesting.advancetestng.AdvanceScenario2DemoTestNG" name="modifyuser2" time="11.322"/>
  <system-out/>
  <testcase classname="com.sgtesting.advancetestng.AdvanceScenario2DemoTestNG" name="logout7" time="4.262"/>
  <system-out/>
  <testcase classname="com.sgtesting.advancetestng.AdvanceScenario2DemoTestNG" name="Loginuser222" time="5.651"/>
  <system-out/>
  <testcase classname="com.sgtesting.advancetestng.AdvanceScenario2DemoTestNG" name="logout11" time="0.257"/>
  <system-out/>
  <testcase classname="com.sgtesting.advancetestng.AdvanceScenario2DemoTestNG" name="Login1" time="5.746"/>
  <system-out/>
  <testcase classname="com.sgtesting.advancetestng.AdvanceScenario2DemoTestNG" name="modifyuser1" time="10.480"/>
  <system-out/>
  <testcase classname="com.sgtesting.advancetestng.AdvanceScenario2DemoTestNG" name="logout8" time="3.942"/>
  <system-out/>
  <testcase classname="com.sgtesting.advancetestng.AdvanceScenario2DemoTestNG" name="Loginuser111" time="5.758"/>
  <system-out/>
  <testcase classname="com.sgtesting.advancetestng.AdvanceScenario2DemoTestNG" name="logout12" time="4.269"/>
  <system-out/>
  <testcase classname="com.sgtesting.advancetestng.AdvanceScenario2DemoTestNG" name="Loginuser1111" time="5.721"/>
  <system-out/>
  <testcase classname="com.sgtesting.advancetestng.AdvanceScenario2DemoTestNG" name="Deleteuser2" time="9.490"/>
  <system-out/>
  <testcase classname="com.sgtesting.advancetestng.AdvanceScenario2DemoTestNG" name="Deleteuser3" time="1.204"/>
  <system-out/>
  <testcase classname="com.sgtesting.advancetestng.AdvanceScenario2DemoTestNG" name="logout9" time="4.023"/>
  <system-out/>
  <testcase classname="com.sgtesting.advancetestng.AdvanceScenario2DemoTestNG" name="Login2" time="5.580"/>
  <system-out/>
  <testcase classname="com.sgtesting.advancetestng.AdvanceScenario2DemoTestNG" name="Deleteuser1" time="8.872"/>
  <system-out/>
  <testcase classname="com.sgtesting.advancetestng.AdvanceScenario2DemoTestNG" name="logout10" time="4.120"/>
  <system-out/>
  <testcase classname="com.sgtesting.advancetestng.AdvanceScenario2DemoTestNG" name="closeapp" time="0.950"/>
  <system-out/>
</testsuite> <!-- com.sgtesting.advancetestng.AdvanceScenario2DemoTestNG -->
