<?xml version="1.0" encoding="UTF-8"?>
<!-- Generated by org.testng.reporters.JUnitReportReporter -->
<testsuite hostname="DESKTOP-J1MRT3Q" failures="0" tests="11" name="com.sgtesting.basictestng.BasicScenario6DemoTestNG" time="74.681" errors="0" timestamp="2022-06-10T19:59:24 IST" skipped="0">
  <testcase classname="com.sgtesting.basictestng.BasicScenario6DemoTestNG" name="launchbroswer" time="7.688"/>
  <system-out/>
  <testcase classname="com.sgtesting.basictestng.BasicScenario6DemoTestNG" name="navigate" time="5.206"/>
  <system-out/>
  <testcase classname="com.sgtesting.basictestng.BasicScenario6DemoTestNG" name="Login" time="5.845"/>
  <system-out/>
  <testcase classname="com.sgtesting.basictestng.BasicScenario6DemoTestNG" name="minimizeFlyOutWindow" time="3.567"/>
  <system-out/>
  <testcase classname="com.sgtesting.basictestng.BasicScenario6DemoTestNG" name="createcustomer" time="12.568"/>
  <system-out/>
  <testcase classname="com.sgtesting.basictestng.BasicScenario6DemoTestNG" name="Createproject" time="9.300"/>
  <system-out/>
  <testcase classname="com.sgtesting.basictestng.BasicScenario6DemoTestNG" name="modifyProject" time="8.313"/>
  <system-out/>
  <testcase classname="com.sgtesting.basictestng.BasicScenario6DemoTestNG" name="DeleteProject" time="7.873"/>
  <system-out/>
  <testcase classname="com.sgtesting.basictestng.BasicScenario6DemoTestNG" name="deletecustomer" time="7.884"/>
  <system-out/>
  <testcase classname="com.sgtesting.basictestng.BasicScenario6DemoTestNG" name="logout" time="5.723"/>
  <system-out/>
  <testcase classname="com.sgtesting.basictestng.BasicScenario6DemoTestNG" name="closeapplication" time="0.714"/>
  <system-out/>
</testsuite> <!-- com.sgtesting.basictestng.BasicScenario6DemoTestNG -->
