<?xml version="1.0" encoding="UTF-8"?>
<!-- Generated by org.testng.reporters.JUnitReportReporter -->
<testsuite hostname="DESKTOP-J1MRT3Q" failures="0" tests="9" name="com.sgtesting.basictestng.BasicScenario4DemoTestNG" time="56.739" errors="0" timestamp="2022-06-10T19:56:03 IST" skipped="0">
  <testcase classname="com.sgtesting.basictestng.BasicScenario4DemoTestNG" name="launchbroswer" time="7.357"/>
  <system-out/>
  <testcase classname="com.sgtesting.basictestng.BasicScenario4DemoTestNG" name="login" time="5.885"/>
  <system-out/>
  <testcase classname="com.sgtesting.basictestng.BasicScenario4DemoTestNG" name="createcustomer" time="14.005"/>
  <system-out/>
  <testcase classname="com.sgtesting.basictestng.BasicScenario4DemoTestNG" name="deletecustomer" time="8.048"/>
  <system-out/>
  <testcase classname="com.sgtesting.basictestng.BasicScenario4DemoTestNG" name="closeapplication" time="1.221"/>
  <system-out/>
  <testcase classname="com.sgtesting.basictestng.BasicScenario4DemoTestNG" name="navigate" time="5.018"/>
  <system-out/>
  <testcase classname="com.sgtesting.basictestng.BasicScenario4DemoTestNG" name="modifycustomer" time="7.376"/>
  <system-out/>
  <testcase classname="com.sgtesting.basictestng.BasicScenario4DemoTestNG" name="logout" time="4.273"/>
  <system-out/>
  <testcase classname="com.sgtesting.basictestng.BasicScenario4DemoTestNG" name="minimizeFlyOutWindow" time="3.556"/>
  <system-out/>
</testsuite> <!-- com.sgtesting.basictestng.BasicScenario4DemoTestNG -->
