<?xml version="1.0" encoding="UTF-8"?>
<!-- Generated by org.testng.reporters.JUnitReportReporter -->
<testsuite hostname="DESKTOP-J1MRT3Q" failures="0" tests="8" name="com.sgtesting.basictestng.BasicScenario3DemoTestNG" time="48.399" errors="0" timestamp="2022-06-10T19:54:29 IST" skipped="0">
  <testcase classname="com.sgtesting.basictestng.BasicScenario3DemoTestNG" name="launchbroswer" time="7.427"/>
  <system-out/>
  <testcase classname="com.sgtesting.basictestng.BasicScenario3DemoTestNG" name="navigate" time="5.278"/>
  <system-out/>
  <testcase classname="com.sgtesting.basictestng.BasicScenario3DemoTestNG" name="login" time="5.786"/>
  <system-out/>
  <testcase classname="com.sgtesting.basictestng.BasicScenario3DemoTestNG" name="minimizeFlyOutWindow" time="3.337"/>
  <system-out/>
  <testcase classname="com.sgtesting.basictestng.BasicScenario3DemoTestNG" name="createcustomer" time="12.974"/>
  <system-out/>
  <testcase classname="com.sgtesting.basictestng.BasicScenario3DemoTestNG" name="deletecustomer" time="7.874"/>
  <system-out/>
  <testcase classname="com.sgtesting.basictestng.BasicScenario3DemoTestNG" name="logout" time="5.038"/>
  <system-out/>
  <testcase classname="com.sgtesting.basictestng.BasicScenario3DemoTestNG" name="closeapplication" time="0.685"/>
  <system-out/>
</testsuite> <!-- com.sgtesting.basictestng.BasicScenario3DemoTestNG -->
