<?xml version="1.0" encoding="UTF-8"?>
<!-- Generated by org.testng.reporters.JUnitReportReporter -->
<testsuite hostname="DESKTOP-J1MRT3Q" failures="0" tests="8" name="com.sgtesting.basictestng.Basicscenario1DemoTestNG" time="57.875" errors="0" timestamp="2022-06-10T19:48:24 IST" skipped="0">
  <testcase classname="com.sgtesting.basictestng.Basicscenario1DemoTestNG" name="launchbrowser" time="8.035"/>
  <system-out/>
  <testcase classname="com.sgtesting.basictestng.Basicscenario1DemoTestNG" name="navigate" time="5.812"/>
  <system-out/>
  <testcase classname="com.sgtesting.basictestng.Basicscenario1DemoTestNG" name="login" time="5.905"/>
  <system-out/>
  <testcase classname="com.sgtesting.basictestng.Basicscenario1DemoTestNG" name="minimizeFlyOutWindow" time="2.649"/>
  <system-out/>
  <testcase classname="com.sgtesting.basictestng.Basicscenario1DemoTestNG" name="createuser" time="23.622"/>
  <system-out/>
  <testcase classname="com.sgtesting.basictestng.Basicscenario1DemoTestNG" name="deleteuser" time="5.678"/>
  <system-out/>
  <testcase classname="com.sgtesting.basictestng.Basicscenario1DemoTestNG" name="logout" time="5.216"/>
  <system-out/>
  <testcase classname="com.sgtesting.basictestng.Basicscenario1DemoTestNG" name="closeapplication" time="0.958"/>
  <system-out/>
</testsuite> <!-- com.sgtesting.basictestng.Basicscenario1DemoTestNG -->
