<?xml version="1.0" encoding="UTF-8"?>
<!-- Generated by org.testng.reporters.JUnitReportReporter -->
<testsuite hostname="DESKTOP-J1MRT3Q" failures="0" tests="12" name="com.sgtesting.basictestng.BasicScenario7DemoTestNG" time="94.629" errors="0" timestamp="2022-06-11T17:24:41 IST" skipped="0">
  <testcase classname="com.sgtesting.basictestng.BasicScenario7DemoTestNG" name="launchbroswer" time="11.371"/>
  <system-out/>
  <testcase classname="com.sgtesting.basictestng.BasicScenario7DemoTestNG" name="navigate" time="14.405"/>
  <system-out/>
  <testcase classname="com.sgtesting.basictestng.BasicScenario7DemoTestNG" name="Login" time="5.977"/>
  <system-out/>
  <testcase classname="com.sgtesting.basictestng.BasicScenario7DemoTestNG" name="minimizeFlyOutWindow" time="7.242"/>
  <system-out/>
  <testcase classname="com.sgtesting.basictestng.BasicScenario7DemoTestNG" name="createcustomer" time="13.445"/>
  <system-out/>
  <testcase classname="com.sgtesting.basictestng.BasicScenario7DemoTestNG" name="Createproject" time="9.443"/>
  <system-out/>
  <testcase classname="com.sgtesting.basictestng.BasicScenario7DemoTestNG" name="addtask" time="8.467"/>
  <system-out/>
  <testcase classname="com.sgtesting.basictestng.BasicScenario7DemoTestNG" name="deletetask" time="2.437"/>
  <system-out/>
  <testcase classname="com.sgtesting.basictestng.BasicScenario7DemoTestNG" name="DeleteProject" time="8.030"/>
  <system-out/>
  <testcase classname="com.sgtesting.basictestng.BasicScenario7DemoTestNG" name="deletecustomer" time="8.016"/>
  <system-out/>
  <testcase classname="com.sgtesting.basictestng.BasicScenario7DemoTestNG" name="logout" time="5.095"/>
  <system-out/>
  <testcase classname="com.sgtesting.basictestng.BasicScenario7DemoTestNG" name="closeapplication" time="0.701"/>
  <system-out/>
</testsuite> <!-- com.sgtesting.basictestng.BasicScenario7DemoTestNG -->
