<?xml version="1.0" encoding="UTF-8"?>
<!-- Generated by org.testng.reporters.JUnitReportReporter -->
<testsuite hostname="DESKTOP-J1MRT3Q" failures="0" tests="9" name="com.sgtesting.basictestng.BasicScenario2DemoTestNG" time="92.125" errors="0" timestamp="2022-06-10T19:53:02 IST" skipped="0">
  <testcase classname="com.sgtesting.basictestng.BasicScenario2DemoTestNG" name="launchbrowser" time="7.814"/>
  <system-out/>
  <testcase classname="com.sgtesting.basictestng.BasicScenario2DemoTestNG" name="navigate" time="5.144"/>
  <system-out/>
  <testcase classname="com.sgtesting.basictestng.BasicScenario2DemoTestNG" name="login" time="5.776"/>
  <system-out/>
  <testcase classname="com.sgtesting.basictestng.BasicScenario2DemoTestNG" name="minimizeFlyOutWindow" time="2.979"/>
  <system-out/>
  <testcase classname="com.sgtesting.basictestng.BasicScenario2DemoTestNG" name="createuser" time="52.820"/>
  <system-out/>
  <testcase classname="com.sgtesting.basictestng.BasicScenario2DemoTestNG" name="modify" time="7.091"/>
  <system-out/>
  <testcase classname="com.sgtesting.basictestng.BasicScenario2DemoTestNG" name="deleteuser" time="4.585"/>
  <system-out/>
  <testcase classname="com.sgtesting.basictestng.BasicScenario2DemoTestNG" name="Logout" time="5.186"/>
  <system-out/>
  <testcase classname="com.sgtesting.basictestng.BasicScenario2DemoTestNG" name="closeapplication" time="0.730"/>
  <system-out/>
</testsuite> <!-- com.sgtesting.basictestng.BasicScenario2DemoTestNG -->
