<?xml version="1.0" encoding="UTF-8"?>
<!-- Generated by org.testng.reporters.JUnitReportReporter -->
<testsuite hostname="DESKTOP-J1MRT3Q" failures="0" tests="31" name="com.sgtesting.advancetestng.AdvanceScenario1DemoTestNG" time="216.517" errors="0" timestamp="2022-06-10T19:36:11 IST" skipped="0">
  <testcase classname="com.sgtesting.advancetestng.AdvanceScenario1DemoTestNG" name="launchbrowser" time="3.926"/>
  <system-out/>
  <testcase classname="com.sgtesting.advancetestng.AdvanceScenario1DemoTestNG" name="navigate" time="6.207"/>
  <system-out/>
  <testcase classname="com.sgtesting.advancetestng.AdvanceScenario1DemoTestNG" name="Login1" time="5.971"/>
  <system-out/>
  <testcase classname="com.sgtesting.advancetestng.AdvanceScenario1DemoTestNG" name="minimizeFlyOutWindow" time="8.140"/>
  <system-out/>
  <testcase classname="com.sgtesting.advancetestng.AdvanceScenario1DemoTestNG" name="createuser1" time="26.214"/>
  <system-out/>
  <testcase classname="com.sgtesting.advancetestng.AdvanceScenario1DemoTestNG" name="createuser2" time="13.296"/>
  <system-out/>
  <testcase classname="com.sgtesting.advancetestng.AdvanceScenario1DemoTestNG" name="createuser3" time="13.496"/>
  <system-out/>
  <testcase classname="com.sgtesting.advancetestng.AdvanceScenario1DemoTestNG" name="logout1" time="5.290"/>
  <system-out/>
  <testcase classname="com.sgtesting.advancetestng.AdvanceScenario1DemoTestNG" name="Loginuser1" time="28.879"/>
  <system-out/>
  <testcase classname="com.sgtesting.advancetestng.AdvanceScenario1DemoTestNG" name="logoutuser1" time="3.927"/>
  <system-out/>
  <testcase classname="com.sgtesting.advancetestng.AdvanceScenario1DemoTestNG" name="Loginuser2" time="4.376"/>
  <system-out/>
  <testcase classname="com.sgtesting.advancetestng.AdvanceScenario1DemoTestNG" name="logoutuser2" time="0.062"/>
  <system-out/>
  <testcase classname="com.sgtesting.advancetestng.AdvanceScenario1DemoTestNG" name="Loginuser3" time="4.026"/>
  <system-out/>
  <testcase classname="com.sgtesting.advancetestng.AdvanceScenario1DemoTestNG" name="logoutuser3" time="0.036"/>
  <system-out/>
  <testcase classname="com.sgtesting.advancetestng.AdvanceScenario1DemoTestNG" name="Login" time="5.694"/>
  <system-out/>
  <testcase classname="com.sgtesting.advancetestng.AdvanceScenario1DemoTestNG" name="modifyuser1" time="10.823"/>
  <system-out/>
  <testcase classname="com.sgtesting.advancetestng.AdvanceScenario1DemoTestNG" name="modifyuser2" time="8.113"/>
  <system-out/>
  <testcase classname="com.sgtesting.advancetestng.AdvanceScenario1DemoTestNG" name="modifyuser3" time="8.219"/>
  <system-out/>
  <testcase classname="com.sgtesting.advancetestng.AdvanceScenario1DemoTestNG" name="logout2" time="4.244"/>
  <system-out/>
  <testcase classname="com.sgtesting.advancetestng.AdvanceScenario1DemoTestNG" name="Loginuser11" time="5.877"/>
  <system-out/>
  <testcase classname="com.sgtesting.advancetestng.AdvanceScenario1DemoTestNG" name="logoutuser11" time="4.494"/>
  <system-out/>
  <testcase classname="com.sgtesting.advancetestng.AdvanceScenario1DemoTestNG" name="Loginuser22" time="5.699"/>
  <system-out/>
  <testcase classname="com.sgtesting.advancetestng.AdvanceScenario1DemoTestNG" name="logoutuser22" time="0.083"/>
  <system-out/>
  <testcase classname="com.sgtesting.advancetestng.AdvanceScenario1DemoTestNG" name="Loginuser33" time="5.906"/>
  <system-out/>
  <testcase classname="com.sgtesting.advancetestng.AdvanceScenario1DemoTestNG" name="logoutuser33" time="0.092"/>
  <system-out/>
  <testcase classname="com.sgtesting.advancetestng.AdvanceScenario1DemoTestNG" name="Login3" time="5.607"/>
  <system-out/>
  <testcase classname="com.sgtesting.advancetestng.AdvanceScenario1DemoTestNG" name="Deleteuser1" time="9.390"/>
  <system-out/>
  <testcase classname="com.sgtesting.advancetestng.AdvanceScenario1DemoTestNG" name="Deleteuser2" time="6.709"/>
  <system-out/>
  <testcase classname="com.sgtesting.advancetestng.AdvanceScenario1DemoTestNG" name="Deleteuser3" time="6.859"/>
  <system-out/>
  <testcase classname="com.sgtesting.advancetestng.AdvanceScenario1DemoTestNG" name="logout3" time="3.949"/>
  <system-out/>
  <testcase classname="com.sgtesting.advancetestng.AdvanceScenario1DemoTestNG" name="closeapplication" time="0.913"/>
  <system-out/>
</testsuite> <!-- com.sgtesting.advancetestng.AdvanceScenario1DemoTestNG -->
